2025-11-05T15:21:00:    ▲ Next.js 16.0.1
2025-11-05T15:21:00:    - Local:        http://localhost:2122
2025-11-05T15:21:00:    - Network:      http://10.0.0.8:2122
2025-11-05T15:21:00: 
2025-11-05T15:21:00:  ✓ Starting...
2025-11-05T15:21:00: Error: Could not find a production build in the '.next' directory. Try building your app with 'next build' before starting the production server. https://nextjs.org/docs/messages/production-start-no-build-id
2025-11-05T15:21:00:     at ignore-listed frames
2025-11-05T15:21:01:    ▲ Next.js 16.0.1
2025-11-05T15:21:01:    - Local:        http://localhost:2122
2025-11-05T15:21:01:    - Network:      http://10.0.0.8:2122
2025-11-05T15:21:01: 
2025-11-05T15:21:01:  ✓ Starting...
2025-11-05T15:21:01: Error: Could not find a production build in the '.next' directory. Try building your app with 'next build' before starting the production server. https://nextjs.org/docs/messages/production-start-no-build-id
2025-11-05T15:21:01:     at ignore-listed frames
2025-11-05T15:21:01:    ▲ Next.js 16.0.1
2025-11-05T15:21:01:    - Local:        http://localhost:2122
2025-11-05T15:21:01:    - Network:      http://10.0.0.8:2122
2025-11-05T15:21:01: 
2025-11-05T15:21:01:  ✓ Starting...
2025-11-05T15:21:01: Error: Could not find a production build in the '.next' directory. Try building your app with 'next build' before starting the production server. https://nextjs.org/docs/messages/production-start-no-build-id
2025-11-05T15:21:01:     at ignore-listed frames
2025-11-05T15:21:02:    ▲ Next.js 16.0.1
2025-11-05T15:21:02:    - Local:        http://localhost:2122
2025-11-05T15:21:02:    - Network:      http://10.0.0.8:2122
2025-11-05T15:21:02: 
2025-11-05T15:21:02:  ✓ Starting...
2025-11-05T15:21:03: Error: Could not find a production build in the '.next' directory. Try building your app with 'next build' before starting the production server. https://nextjs.org/docs/messages/production-start-no-build-id
2025-11-05T15:21:03:     at ignore-listed frames
2025-11-05T15:21:04:    ▲ Next.js 16.0.1
2025-11-05T15:21:04:    - Local:        http://localhost:2122
2025-11-05T15:21:04:    - Network:      http://10.0.0.8:2122
2025-11-05T15:21:04: 
2025-11-05T15:21:04:  ✓ Starting...
2025-11-05T15:21:04: Error: Could not find a production build in the '.next' directory. Try building your app with 'next build' before starting the production server. https://nextjs.org/docs/messages/production-start-no-build-id
2025-11-05T15:21:04:     at ignore-listed frames
2025-11-05T15:21:05:    ▲ Next.js 16.0.1
2025-11-05T15:21:05:    - Local:        http://localhost:2122
2025-11-05T15:21:05:    - Network:      http://10.0.0.8:2122
2025-11-05T15:21:05: 
2025-11-05T15:21:05:  ✓ Starting...
2025-11-05T15:21:05: Error: Could not find a production build in the '.next' directory. Try building your app with 'next build' before starting the production server. https://nextjs.org/docs/messages/production-start-no-build-id
2025-11-05T15:21:05:     at ignore-listed frames
2025-11-05T15:21:06:    ▲ Next.js 16.0.1
2025-11-05T15:21:06:    - Local:        http://localhost:2122
2025-11-05T15:21:06:    - Network:      http://10.0.0.8:2122
2025-11-05T15:21:06: 
2025-11-05T15:21:06:  ✓ Starting...
2025-11-05T15:21:06: Error: Could not find a production build in the '.next' directory. Try building your app with 'next build' before starting the production server. https://nextjs.org/docs/messages/production-start-no-build-id
2025-11-05T15:21:06:     at ignore-listed frames
2025-11-05T15:21:07:    ▲ Next.js 16.0.1
2025-11-05T15:21:07:    - Local:        http://localhost:2122
2025-11-05T15:21:07:    - Network:      http://10.0.0.8:2122
2025-11-05T15:21:07: 
2025-11-05T15:21:07:  ✓ Starting...
2025-11-05T15:21:07: Error: Could not find a production build in the '.next' directory. Try building your app with 'next build' before starting the production server. https://nextjs.org/docs/messages/production-start-no-build-id
2025-11-05T15:21:07:     at ignore-listed frames
2025-11-05T15:21:08:    ▲ Next.js 16.0.1
2025-11-05T15:21:08:    - Local:        http://localhost:2122
2025-11-05T15:21:08:    - Network:      http://10.0.0.8:2122
2025-11-05T15:21:08: 
2025-11-05T15:21:08:  ✓ Starting...
2025-11-05T15:21:08: Error: Could not find a production build in the '.next' directory. Try building your app with 'next build' before starting the production server. https://nextjs.org/docs/messages/production-start-no-build-id
2025-11-05T15:21:08:     at ignore-listed frames
2025-11-05T15:21:09:    ▲ Next.js 16.0.1
2025-11-05T15:21:09:    - Local:        http://localhost:2122
2025-11-05T15:21:09:    - Network:      http://10.0.0.8:2122
2025-11-05T15:21:09: 
2025-11-05T15:21:09:  ✓ Starting...
2025-11-05T15:21:09: Error: Could not find a production build in the '.next' directory. Try building your app with 'next build' before starting the production server. https://nextjs.org/docs/messages/production-start-no-build-id
2025-11-05T15:21:09:     at ignore-listed frames
2025-11-05T15:21:10:    ▲ Next.js 16.0.1
2025-11-05T15:21:10:    - Local:        http://localhost:2122
2025-11-05T15:21:10:    - Network:      http://10.0.0.8:2122
2025-11-05T15:21:10: 
2025-11-05T15:21:10:  ✓ Starting...
2025-11-05T15:21:10: Error: Could not find a production build in the '.next' directory. Try building your app with 'next build' before starting the production server. https://nextjs.org/docs/messages/production-start-no-build-id
2025-11-05T15:21:10:     at ignore-listed frames
2025-11-05T15:21:10:    ▲ Next.js 16.0.1
2025-11-05T15:21:10:    - Local:        http://localhost:2122
2025-11-05T15:21:10:    - Network:      http://10.0.0.8:2122
2025-11-05T15:21:10: 
2025-11-05T15:21:10:  ✓ Starting...
2025-11-05T15:21:11: Error: Could not find a production build in the '.next' directory. Try building your app with 'next build' before starting the production server. https://nextjs.org/docs/messages/production-start-no-build-id
2025-11-05T15:21:11:     at ignore-listed frames
2025-11-05T15:21:11:    ▲ Next.js 16.0.1
2025-11-05T15:21:11:    - Local:        http://localhost:2122
2025-11-05T15:21:11:    - Network:      http://10.0.0.8:2122
2025-11-05T15:21:11: 
2025-11-05T15:21:11:  ✓ Starting...
2025-11-05T15:21:11: Error: Could not find a production build in the '.next' directory. Try building your app with 'next build' before starting the production server. https://nextjs.org/docs/messages/production-start-no-build-id
2025-11-05T15:21:11:     at ignore-listed frames
2025-11-05T15:21:12:    ▲ Next.js 16.0.1
2025-11-05T15:21:12:    - Local:        http://localhost:2122
2025-11-05T15:21:12:    - Network:      http://10.0.0.8:2122
2025-11-05T15:21:12: 
2025-11-05T15:21:12:  ✓ Starting...
2025-11-05T15:21:12: Error: Could not find a production build in the '.next' directory. Try building your app with 'next build' before starting the production server. https://nextjs.org/docs/messages/production-start-no-build-id
2025-11-05T15:21:12:     at ignore-listed frames
2025-11-05T15:21:13:    ▲ Next.js 16.0.1
2025-11-05T15:21:13:    - Local:        http://localhost:2122
2025-11-05T15:21:13:    - Network:      http://10.0.0.8:2122
2025-11-05T15:21:13: 
2025-11-05T15:21:13:  ✓ Starting...
2025-11-05T15:21:13: Error: Could not find a production build in the '.next' directory. Try building your app with 'next build' before starting the production server. https://nextjs.org/docs/messages/production-start-no-build-id
2025-11-05T15:21:13:     at ignore-listed frames
2025-11-05T15:21:14:    ▲ Next.js 16.0.1
2025-11-05T15:21:14:    - Local:        http://localhost:2122
2025-11-05T15:21:14:    - Network:      http://10.0.0.8:2122
2025-11-05T15:21:14: 
2025-11-05T15:21:14:  ✓ Starting...
2025-11-05T15:21:14: Error: Could not find a production build in the '.next' directory. Try building your app with 'next build' before starting the production server. https://nextjs.org/docs/messages/production-start-no-build-id
2025-11-05T15:21:14:     at ignore-listed frames
2025-11-05T15:21:16:    ▲ Next.js 16.0.1
2025-11-05T15:21:16:    - Local:        http://localhost:2122
2025-11-05T15:21:16:    - Network:      http://10.0.0.8:2122
2025-11-05T15:21:16: 
2025-11-05T15:21:16:  ✓ Starting...
2025-11-05T15:21:16: Error: Could not find a production build in the '.next' directory. Try building your app with 'next build' before starting the production server. https://nextjs.org/docs/messages/production-start-no-build-id
2025-11-05T15:21:16:     at ignore-listed frames
2025-11-05T15:21:17:    ▲ Next.js 16.0.1
2025-11-05T15:21:17:    - Local:        http://localhost:2122
2025-11-05T15:21:17:    - Network:      http://10.0.0.8:2122
2025-11-05T15:21:17: 
2025-11-05T15:21:17:  ✓ Starting...
2025-11-05T15:21:18: Error: Could not find a production build in the '.next' directory. Try building your app with 'next build' before starting the production server. https://nextjs.org/docs/messages/production-start-no-build-id
2025-11-05T15:21:18:     at ignore-listed frames
2025-11-05T15:21:18:    ▲ Next.js 16.0.1
2025-11-05T15:21:18:    - Local:        http://localhost:2122
2025-11-05T15:21:18:    - Network:      http://10.0.0.8:2122
2025-11-05T15:21:18: 
2025-11-05T15:21:18:  ✓ Starting...
2025-11-05T15:21:19: Error: Could not find a production build in the '.next' directory. Try building your app with 'next build' before starting the production server. https://nextjs.org/docs/messages/production-start-no-build-id
2025-11-05T15:21:19:     at ignore-listed frames
2025-11-05T15:21:19:    ▲ Next.js 16.0.1
2025-11-05T15:21:19:    - Local:        http://localhost:2122
2025-11-05T15:21:19:    - Network:      http://10.0.0.8:2122
2025-11-05T15:21:19: 
2025-11-05T15:21:19:  ✓ Starting...
2025-11-05T15:21:19: Error: Could not find a production build in the '.next' directory. Try building your app with 'next build' before starting the production server. https://nextjs.org/docs/messages/production-start-no-build-id
2025-11-05T15:21:19:     at ignore-listed frames
2025-11-05T15:21:20:    ▲ Next.js 16.0.1
2025-11-05T15:21:20:    - Local:        http://localhost:2122
2025-11-05T15:21:20:    - Network:      http://10.0.0.8:2122
2025-11-05T15:21:20: 
2025-11-05T15:21:20:  ✓ Starting...
2025-11-05T15:21:20: Error: Could not find a production build in the '.next' directory. Try building your app with 'next build' before starting the production server. https://nextjs.org/docs/messages/production-start-no-build-id
2025-11-05T15:21:20:     at ignore-listed frames
2025-11-05T15:21:22:    ▲ Next.js 16.0.1
2025-11-05T15:21:22:    - Local:        http://localhost:2122
2025-11-05T15:21:22:    - Network:      http://10.0.0.8:2122
2025-11-05T15:21:22: 
2025-11-05T15:21:22:  ✓ Starting...
2025-11-05T15:21:22: Error: Could not find a production build in the '.next' directory. Try building your app with 'next build' before starting the production server. https://nextjs.org/docs/messages/production-start-no-build-id
2025-11-05T15:21:22:     at ignore-listed frames
2025-11-05T15:21:23:    ▲ Next.js 16.0.1
2025-11-05T15:21:23:    - Local:        http://localhost:2122
2025-11-05T15:21:23:    - Network:      http://10.0.0.8:2122
2025-11-05T15:21:23: 
2025-11-05T15:21:23:  ✓ Starting...
2025-11-05T15:21:23: Error: Could not find a production build in the '.next' directory. Try building your app with 'next build' before starting the production server. https://nextjs.org/docs/messages/production-start-no-build-id
2025-11-05T15:21:23:     at ignore-listed frames
2025-11-05T15:21:24:    ▲ Next.js 16.0.1
2025-11-05T15:21:24:    - Local:        http://localhost:2122
2025-11-05T15:21:24:    - Network:      http://10.0.0.8:2122
2025-11-05T15:21:24: 
2025-11-05T15:21:24:  ✓ Starting...
2025-11-05T15:21:24: Error: Could not find a production build in the '.next' directory. Try building your app with 'next build' before starting the production server. https://nextjs.org/docs/messages/production-start-no-build-id
2025-11-05T15:21:24:     at ignore-listed frames
2025-11-05T15:21:25:    ▲ Next.js 16.0.1
2025-11-05T15:21:25:    - Local:        http://localhost:2122
2025-11-05T15:21:25:    - Network:      http://10.0.0.8:2122
2025-11-05T15:21:25: 
2025-11-05T15:21:25:  ✓ Starting...
2025-11-05T15:21:25: Error: Could not find a production build in the '.next' directory. Try building your app with 'next build' before starting the production server. https://nextjs.org/docs/messages/production-start-no-build-id
2025-11-05T15:21:25:     at ignore-listed frames
2025-11-05T15:21:26:    ▲ Next.js 16.0.1
2025-11-05T15:21:26:    - Local:        http://localhost:2122
2025-11-05T15:21:26:    - Network:      http://10.0.0.8:2122
2025-11-05T15:21:26: 
2025-11-05T15:21:26:  ✓ Starting...
2025-11-05T15:21:26: Error: Could not find a production build in the '.next' directory. Try building your app with 'next build' before starting the production server. https://nextjs.org/docs/messages/production-start-no-build-id
2025-11-05T15:21:26:     at ignore-listed frames
2025-11-05T15:21:28:    ▲ Next.js 16.0.1
2025-11-05T15:21:28:    - Local:        http://localhost:2122
2025-11-05T15:21:28:    - Network:      http://10.0.0.8:2122
2025-11-05T15:21:28: 
2025-11-05T15:21:28:  ✓ Starting...
2025-11-05T15:21:28: Error: Could not find a production build in the '.next' directory. Try building your app with 'next build' before starting the production server. https://nextjs.org/docs/messages/production-start-no-build-id
2025-11-05T15:21:28:     at ignore-listed frames
2025-11-05T15:21:29:    ▲ Next.js 16.0.1
2025-11-05T15:21:29:    - Local:        http://localhost:2122
2025-11-05T15:21:29:    - Network:      http://10.0.0.8:2122
2025-11-05T15:21:29: 
2025-11-05T15:21:29:  ✓ Starting...
2025-11-05T15:21:29: Error: Could not find a production build in the '.next' directory. Try building your app with 'next build' before starting the production server. https://nextjs.org/docs/messages/production-start-no-build-id
2025-11-05T15:21:29:     at ignore-listed frames
2025-11-05T15:21:30:    ▲ Next.js 16.0.1
2025-11-05T15:21:30:    - Local:        http://localhost:2122
2025-11-05T15:21:30:    - Network:      http://10.0.0.8:2122
2025-11-05T15:21:30: 
2025-11-05T15:21:30:  ✓ Starting...
2025-11-05T15:21:30: Error: Could not find a production build in the '.next' directory. Try building your app with 'next build' before starting the production server. https://nextjs.org/docs/messages/production-start-no-build-id
2025-11-05T15:21:30:     at ignore-listed frames
2025-11-05T15:21:31:    ▲ Next.js 16.0.1
2025-11-05T15:21:31:    - Local:        http://localhost:2122
2025-11-05T15:21:31:    - Network:      http://10.0.0.8:2122
2025-11-05T15:21:31: 
2025-11-05T15:21:31:  ✓ Starting...
2025-11-05T15:21:31: Error: Could not find a production build in the '.next' directory. Try building your app with 'next build' before starting the production server. https://nextjs.org/docs/messages/production-start-no-build-id
2025-11-05T15:21:31:     at ignore-listed frames
2025-11-05T15:21:32:    ▲ Next.js 16.0.1
2025-11-05T15:21:32:    - Local:        http://localhost:2122
2025-11-05T15:21:32:    - Network:      http://10.0.0.8:2122
2025-11-05T15:21:32: 
2025-11-05T15:21:32:  ✓ Starting...
2025-11-05T15:21:33: Error: Could not find a production build in the '.next' directory. Try building your app with 'next build' before starting the production server. https://nextjs.org/docs/messages/production-start-no-build-id
2025-11-05T15:21:33:     at ignore-listed frames
2025-11-05T15:21:35:    ▲ Next.js 16.0.1
2025-11-05T15:21:35:    - Local:        http://localhost:2122
2025-11-05T15:21:35:    - Network:      http://10.0.0.8:2122
2025-11-05T15:21:35: 
2025-11-05T15:21:35:  ✓ Starting...
2025-11-05T15:21:35: Error: Could not find a production build in the '.next' directory. Try building your app with 'next build' before starting the production server. https://nextjs.org/docs/messages/production-start-no-build-id
2025-11-05T15:21:35:     at ignore-listed frames
2025-11-05T15:21:36:    ▲ Next.js 16.0.1
2025-11-05T15:21:36:    - Local:        http://localhost:2122
2025-11-05T15:21:36:    - Network:      http://10.0.0.8:2122
2025-11-05T15:21:36: 
2025-11-05T15:21:36:  ✓ Starting...
2025-11-05T15:21:36: Error: Could not find a production build in the '.next' directory. Try building your app with 'next build' before starting the production server. https://nextjs.org/docs/messages/production-start-no-build-id
2025-11-05T15:21:36:     at ignore-listed frames
2025-11-05T15:21:37:    ▲ Next.js 16.0.1
2025-11-05T15:21:37:    - Local:        http://localhost:2122
2025-11-05T15:21:37:    - Network:      http://10.0.0.8:2122
2025-11-05T15:21:37: 
2025-11-05T15:21:37:  ✓ Starting...
2025-11-05T15:21:37: Error: Could not find a production build in the '.next' directory. Try building your app with 'next build' before starting the production server. https://nextjs.org/docs/messages/production-start-no-build-id
2025-11-05T15:21:37:     at ignore-listed frames
2025-11-05T15:21:38:    ▲ Next.js 16.0.1
2025-11-05T15:21:38:    - Local:        http://localhost:2122
2025-11-05T15:21:38:    - Network:      http://10.0.0.8:2122
2025-11-05T15:21:38: 
2025-11-05T15:21:38:  ✓ Starting...
2025-11-05T15:21:38: Error: Could not find a production build in the '.next' directory. Try building your app with 'next build' before starting the production server. https://nextjs.org/docs/messages/production-start-no-build-id
2025-11-05T15:21:38:     at ignore-listed frames
2025-11-05T15:21:40:    ▲ Next.js 16.0.1
2025-11-05T15:21:40:    - Local:        http://localhost:2122
2025-11-05T15:21:40:    - Network:      http://10.0.0.8:2122
2025-11-05T15:21:40: 
2025-11-05T15:21:40:  ✓ Starting...
2025-11-05T15:21:40: Error: Could not find a production build in the '.next' directory. Try building your app with 'next build' before starting the production server. https://nextjs.org/docs/messages/production-start-no-build-id
2025-11-05T15:21:40:     at ignore-listed frames
2025-11-05T15:21:41:    ▲ Next.js 16.0.1
2025-11-05T15:21:41:    - Local:        http://localhost:2122
2025-11-05T15:21:41:    - Network:      http://10.0.0.8:2122
2025-11-05T15:21:41: 
2025-11-05T15:21:41:  ✓ Starting...
2025-11-05T15:21:42: Error: Could not find a production build in the '.next' directory. Try building your app with 'next build' before starting the production server. https://nextjs.org/docs/messages/production-start-no-build-id
2025-11-05T15:21:42:     at ignore-listed frames
2025-11-05T15:21:42:    ▲ Next.js 16.0.1
2025-11-05T15:21:42:    - Local:        http://localhost:2122
2025-11-05T15:21:42:    - Network:      http://10.0.0.8:2122
2025-11-05T15:21:42: 
2025-11-05T15:21:42:  ✓ Starting...
2025-11-05T15:21:42: Error: Could not find a production build in the '.next' directory. Try building your app with 'next build' before starting the production server. https://nextjs.org/docs/messages/production-start-no-build-id
2025-11-05T15:21:42:     at ignore-listed frames
2025-11-05T15:21:43:    ▲ Next.js 16.0.1
2025-11-05T15:21:43:    - Local:        http://localhost:2122
2025-11-05T15:21:43:    - Network:      http://10.0.0.8:2122
2025-11-05T15:21:43: 
2025-11-05T15:21:43:  ✓ Starting...
2025-11-05T15:21:44: Error: Could not find a production build in the '.next' directory. Try building your app with 'next build' before starting the production server. https://nextjs.org/docs/messages/production-start-no-build-id
2025-11-05T15:21:44:     at ignore-listed frames
2025-11-05T15:21:45:    ▲ Next.js 16.0.1
2025-11-05T15:21:45:    - Local:        http://localhost:2122
2025-11-05T15:21:45:    - Network:      http://10.0.0.8:2122
2025-11-05T15:21:45: 
2025-11-05T15:21:45:  ✓ Starting...
2025-11-05T15:21:45: Error: Could not find a production build in the '.next' directory. Try building your app with 'next build' before starting the production server. https://nextjs.org/docs/messages/production-start-no-build-id
2025-11-05T15:21:45:     at ignore-listed frames
2025-11-05T15:21:46:    ▲ Next.js 16.0.1
2025-11-05T15:21:46:    - Local:        http://localhost:2122
2025-11-05T15:21:46:    - Network:      http://10.0.0.8:2122
2025-11-05T15:21:46: 
2025-11-05T15:21:46:  ✓ Starting...
2025-11-05T15:21:46: Error: Could not find a production build in the '.next' directory. Try building your app with 'next build' before starting the production server. https://nextjs.org/docs/messages/production-start-no-build-id
2025-11-05T15:21:46:     at ignore-listed frames
2025-11-05T15:21:47:    ▲ Next.js 16.0.1
2025-11-05T15:21:47:    - Local:        http://localhost:2122
2025-11-05T15:21:47:    - Network:      http://10.0.0.8:2122
2025-11-05T15:21:47: 
2025-11-05T15:21:47:  ✓ Starting...
2025-11-05T15:21:47: Error: Could not find a production build in the '.next' directory. Try building your app with 'next build' before starting the production server. https://nextjs.org/docs/messages/production-start-no-build-id
2025-11-05T15:21:47:     at ignore-listed frames
2025-11-05T15:21:48:    ▲ Next.js 16.0.1
2025-11-05T15:21:48:    - Local:        http://localhost:2122
2025-11-05T15:21:48:    - Network:      http://10.0.0.8:2122
2025-11-05T15:21:48: 
2025-11-05T15:21:48:  ✓ Starting...
2025-11-05T15:21:48: Error: Could not find a production build in the '.next' directory. Try building your app with 'next build' before starting the production server. https://nextjs.org/docs/messages/production-start-no-build-id
2025-11-05T15:21:48:     at ignore-listed frames
2025-11-05T15:21:50:    ▲ Next.js 16.0.1
2025-11-05T15:21:50:    - Local:        http://localhost:2122
2025-11-05T15:21:50:    - Network:      http://10.0.0.8:2122
2025-11-05T15:21:50: 
2025-11-05T15:21:50:  ✓ Starting...
2025-11-05T15:21:50: Error: Could not find a production build in the '.next' directory. Try building your app with 'next build' before starting the production server. https://nextjs.org/docs/messages/production-start-no-build-id
2025-11-05T15:21:50:     at ignore-listed frames
2025-11-05T15:21:51:    ▲ Next.js 16.0.1
2025-11-05T15:21:51:    - Local:        http://localhost:2122
2025-11-05T15:21:51:    - Network:      http://10.0.0.8:2122
2025-11-05T15:21:51: 
2025-11-05T15:21:51:  ✓ Starting...
2025-11-05T15:21:51: Error: Could not find a production build in the '.next' directory. Try building your app with 'next build' before starting the production server. https://nextjs.org/docs/messages/production-start-no-build-id
2025-11-05T15:21:51:     at ignore-listed frames
2025-11-05T15:21:52:    ▲ Next.js 16.0.1
2025-11-05T15:21:52:    - Local:        http://localhost:2122
2025-11-05T15:21:52:    - Network:      http://10.0.0.8:2122
2025-11-05T15:21:52: 
2025-11-05T15:21:52:  ✓ Starting...
2025-11-05T15:21:52: Error: Could not find a production build in the '.next' directory. Try building your app with 'next build' before starting the production server. https://nextjs.org/docs/messages/production-start-no-build-id
2025-11-05T15:21:52:     at ignore-listed frames
2025-11-05T15:21:53:    ▲ Next.js 16.0.1
2025-11-05T15:21:53:    - Local:        http://localhost:2122
2025-11-05T15:21:53:    - Network:      http://10.0.0.8:2122
2025-11-05T15:21:53: 
2025-11-05T15:21:53:  ✓ Starting...
2025-11-05T15:21:53: Error: Could not find a production build in the '.next' directory. Try building your app with 'next build' before starting the production server. https://nextjs.org/docs/messages/production-start-no-build-id
2025-11-05T15:21:53:     at ignore-listed frames
2025-11-05T15:21:54:    ▲ Next.js 16.0.1
2025-11-05T15:21:54:    - Local:        http://localhost:2122
2025-11-05T15:21:54:    - Network:      http://10.0.0.8:2122
2025-11-05T15:21:54: 
2025-11-05T15:21:54:  ✓ Starting...
2025-11-05T15:21:54: Error: Could not find a production build in the '.next' directory. Try building your app with 'next build' before starting the production server. https://nextjs.org/docs/messages/production-start-no-build-id
2025-11-05T15:21:54:     at ignore-listed frames
2025-11-05T15:21:56:    ▲ Next.js 16.0.1
2025-11-05T15:21:56:    - Local:        http://localhost:2122
2025-11-05T15:21:56:    - Network:      http://10.0.0.8:2122
2025-11-05T15:21:56: 
2025-11-05T15:21:56:  ✓ Starting...
2025-11-05T15:21:56: Error: Could not find a production build in the '.next' directory. Try building your app with 'next build' before starting the production server. https://nextjs.org/docs/messages/production-start-no-build-id
2025-11-05T15:21:56:     at ignore-listed frames
2025-11-05T15:21:57:    ▲ Next.js 16.0.1
2025-11-05T15:21:57:    - Local:        http://localhost:2122
2025-11-05T15:21:57:    - Network:      http://10.0.0.8:2122
2025-11-05T15:21:57: 
2025-11-05T15:21:57:  ✓ Starting...
2025-11-05T15:21:57: Error: Could not find a production build in the '.next' directory. Try building your app with 'next build' before starting the production server. https://nextjs.org/docs/messages/production-start-no-build-id
2025-11-05T15:21:57:     at ignore-listed frames
2025-11-05T15:21:58:    ▲ Next.js 16.0.1
2025-11-05T15:21:58:    - Local:        http://localhost:2122
2025-11-05T15:21:58:    - Network:      http://10.0.0.8:2122
2025-11-05T15:21:58: 
2025-11-05T15:21:58:  ✓ Starting...
2025-11-05T15:21:58: Error: Could not find a production build in the '.next' directory. Try building your app with 'next build' before starting the production server. https://nextjs.org/docs/messages/production-start-no-build-id
2025-11-05T15:21:58:     at ignore-listed frames
2025-11-05T15:21:59:    ▲ Next.js 16.0.1
2025-11-05T15:21:59:    - Local:        http://localhost:2122
2025-11-05T15:21:59:    - Network:      http://10.0.0.8:2122
2025-11-05T15:21:59: 
2025-11-05T15:21:59:  ✓ Starting...
2025-11-05T15:22:00: Error: Could not find a production build in the '.next' directory. Try building your app with 'next build' before starting the production server. https://nextjs.org/docs/messages/production-start-no-build-id
2025-11-05T15:22:00:     at ignore-listed frames
2025-11-05T15:22:01:    ▲ Next.js 16.0.1
2025-11-05T15:22:01:    - Local:        http://localhost:2122
2025-11-05T15:22:01:    - Network:      http://10.0.0.8:2122
2025-11-05T15:22:01: 
2025-11-05T15:22:01:  ✓ Starting...
2025-11-05T15:22:01: Error: Could not find a production build in the '.next' directory. Try building your app with 'next build' before starting the production server. https://nextjs.org/docs/messages/production-start-no-build-id
2025-11-05T15:22:01:     at ignore-listed frames
2025-11-05T15:22:02:    ▲ Next.js 16.0.1
2025-11-05T15:22:02:    - Local:        http://localhost:2122
2025-11-05T15:22:02:    - Network:      http://10.0.0.8:2122
2025-11-05T15:22:02: 
2025-11-05T15:22:02:  ✓ Starting...
2025-11-05T15:22:02: Error: Could not find a production build in the '.next' directory. Try building your app with 'next build' before starting the production server. https://nextjs.org/docs/messages/production-start-no-build-id
2025-11-05T15:22:02:     at ignore-listed frames
2025-11-05T15:22:03:    ▲ Next.js 16.0.1
2025-11-05T15:22:03:    - Local:        http://localhost:2122
2025-11-05T15:22:03:    - Network:      http://10.0.0.8:2122
2025-11-05T15:22:03: 
2025-11-05T15:22:03:  ✓ Starting...
2025-11-05T15:22:03: Error: Could not find a production build in the '.next' directory. Try building your app with 'next build' before starting the production server. https://nextjs.org/docs/messages/production-start-no-build-id
2025-11-05T15:22:03:     at ignore-listed frames
2025-11-05T15:22:04:    ▲ Next.js 16.0.1
2025-11-05T15:22:04:    - Local:        http://localhost:2122
2025-11-05T15:22:04:    - Network:      http://10.0.0.8:2122
2025-11-05T15:22:04: 
2025-11-05T15:22:04:  ✓ Starting...
2025-11-05T15:22:04: Error: Could not find a production build in the '.next' directory. Try building your app with 'next build' before starting the production server. https://nextjs.org/docs/messages/production-start-no-build-id
2025-11-05T15:22:04:     at ignore-listed frames
2025-11-05T15:22:05:    ▲ Next.js 16.0.1
2025-11-05T15:22:05:    - Local:        http://localhost:2122
2025-11-05T15:22:05:    - Network:      http://10.0.0.8:2122
2025-11-05T15:22:05: 
2025-11-05T15:22:05:  ✓ Starting...
2025-11-05T15:22:05: Error: Could not find a production build in the '.next' directory. Try building your app with 'next build' before starting the production server. https://nextjs.org/docs/messages/production-start-no-build-id
2025-11-05T15:22:05:     at ignore-listed frames
2025-11-05T15:22:06:    ▲ Next.js 16.0.1
2025-11-05T15:22:06:    - Local:        http://localhost:2122
2025-11-05T15:22:06:    - Network:      http://10.0.0.8:2122
2025-11-05T15:22:06: 
2025-11-05T15:22:06:  ✓ Starting...
2025-11-05T15:22:06: Error: Could not find a production build in the '.next' directory. Try building your app with 'next build' before starting the production server. https://nextjs.org/docs/messages/production-start-no-build-id
2025-11-05T15:22:06:     at ignore-listed frames
2025-11-05T15:22:08:    ▲ Next.js 16.0.1
2025-11-05T15:22:08:    - Local:        http://localhost:2122
2025-11-05T15:22:08:    - Network:      http://10.0.0.8:2122
2025-11-05T15:22:08: 
2025-11-05T15:22:08:  ✓ Starting...
2025-11-05T15:22:08: Error: Could not find a production build in the '.next' directory. Try building your app with 'next build' before starting the production server. https://nextjs.org/docs/messages/production-start-no-build-id
2025-11-05T15:22:08:     at ignore-listed frames
2025-11-05T15:22:09:    ▲ Next.js 16.0.1
2025-11-05T15:22:09:    - Local:        http://localhost:2122
2025-11-05T15:22:09:    - Network:      http://10.0.0.8:2122
2025-11-05T15:22:09: 
2025-11-05T15:22:09:  ✓ Starting...
2025-11-05T15:22:09: Error: Could not find a production build in the '.next' directory. Try building your app with 'next build' before starting the production server. https://nextjs.org/docs/messages/production-start-no-build-id
2025-11-05T15:22:09:     at ignore-listed frames
2025-11-05T15:22:10:    ▲ Next.js 16.0.1
2025-11-05T15:22:10:    - Local:        http://localhost:2122
2025-11-05T15:22:10:    - Network:      http://10.0.0.8:2122
2025-11-05T15:22:10: 
2025-11-05T15:22:10:  ✓ Starting...
2025-11-05T15:22:10: Error: Could not find a production build in the '.next' directory. Try building your app with 'next build' before starting the production server. https://nextjs.org/docs/messages/production-start-no-build-id
2025-11-05T15:22:10:     at ignore-listed frames
2025-11-05T15:22:11:    ▲ Next.js 16.0.1
2025-11-05T15:22:11:    - Local:        http://localhost:2122
2025-11-05T15:22:11:    - Network:      http://10.0.0.8:2122
2025-11-05T15:22:11: 
2025-11-05T15:22:11:  ✓ Starting...
2025-11-05T15:22:11: Error: Could not find a production build in the '.next' directory. Try building your app with 'next build' before starting the production server. https://nextjs.org/docs/messages/production-start-no-build-id
2025-11-05T15:22:11:     at ignore-listed frames
2025-11-05T15:22:12:    ▲ Next.js 16.0.1
2025-11-05T15:22:12:    - Local:        http://localhost:2122
2025-11-05T15:22:12:    - Network:      http://10.0.0.8:2122
2025-11-05T15:22:12: 
2025-11-05T15:22:12:  ✓ Starting...
2025-11-05T15:22:12: Error: Could not find a production build in the '.next' directory. Try building your app with 'next build' before starting the production server. https://nextjs.org/docs/messages/production-start-no-build-id
2025-11-05T15:22:12:     at ignore-listed frames
2025-11-05T15:22:13:    ▲ Next.js 16.0.1
2025-11-05T15:22:13:    - Local:        http://localhost:2122
2025-11-05T15:22:13:    - Network:      http://10.0.0.8:2122
2025-11-05T15:22:13: 
2025-11-05T15:22:13:  ✓ Starting...
2025-11-05T15:22:13: Error: Could not find a production build in the '.next' directory. Try building your app with 'next build' before starting the production server. https://nextjs.org/docs/messages/production-start-no-build-id
2025-11-05T15:22:13:     at ignore-listed frames
2025-11-05T15:22:14:    ▲ Next.js 16.0.1
2025-11-05T15:22:14:    - Local:        http://localhost:2122
2025-11-05T15:22:14:    - Network:      http://10.0.0.8:2122
2025-11-05T15:22:14: 
2025-11-05T15:22:14:  ✓ Starting...
2025-11-05T15:22:14: Error: Could not find a production build in the '.next' directory. Try building your app with 'next build' before starting the production server. https://nextjs.org/docs/messages/production-start-no-build-id
2025-11-05T15:22:14:     at ignore-listed frames
2025-11-05T15:22:15:    ▲ Next.js 16.0.1
2025-11-05T15:22:15:    - Local:        http://localhost:2122
2025-11-05T15:22:15:    - Network:      http://10.0.0.8:2122
2025-11-05T15:22:15: 
2025-11-05T15:22:15:  ✓ Starting...
2025-11-05T15:22:15: Error: Could not find a production build in the '.next' directory. Try building your app with 'next build' before starting the production server. https://nextjs.org/docs/messages/production-start-no-build-id
2025-11-05T15:22:15:     at ignore-listed frames
2025-11-05T15:22:17:    ▲ Next.js 16.0.1
2025-11-05T15:22:17:    - Local:        http://localhost:2122
2025-11-05T15:22:17:    - Network:      http://10.0.0.8:2122
2025-11-05T15:22:17: 
2025-11-05T15:22:17:  ✓ Starting...
2025-11-05T15:22:17: Error: Could not find a production build in the '.next' directory. Try building your app with 'next build' before starting the production server. https://nextjs.org/docs/messages/production-start-no-build-id
2025-11-05T15:22:17:     at ignore-listed frames
2025-11-05T15:22:18:    ▲ Next.js 16.0.1
2025-11-05T15:22:18:    - Local:        http://localhost:2122
2025-11-05T15:22:18:    - Network:      http://10.0.0.8:2122
2025-11-05T15:22:18: 
2025-11-05T15:22:18:  ✓ Starting...
2025-11-05T15:22:18: Error: Could not find a production build in the '.next' directory. Try building your app with 'next build' before starting the production server. https://nextjs.org/docs/messages/production-start-no-build-id
2025-11-05T15:22:18:     at ignore-listed frames
2025-11-05T15:22:19:    ▲ Next.js 16.0.1
2025-11-05T15:22:19:    - Local:        http://localhost:2122
2025-11-05T15:22:19:    - Network:      http://10.0.0.8:2122
2025-11-05T15:22:19: 
2025-11-05T15:22:19:  ✓ Starting...
2025-11-05T15:22:19: Error: Could not find a production build in the '.next' directory. Try building your app with 'next build' before starting the production server. https://nextjs.org/docs/messages/production-start-no-build-id
2025-11-05T15:22:19:     at ignore-listed frames
2025-11-05T15:22:20:    ▲ Next.js 16.0.1
2025-11-05T15:22:20:    - Local:        http://localhost:2122
2025-11-05T15:22:20:    - Network:      http://10.0.0.8:2122
2025-11-05T15:22:20: 
2025-11-05T15:22:20:  ✓ Starting...
2025-11-05T15:22:20: Error: Could not find a production build in the '.next' directory. Try building your app with 'next build' before starting the production server. https://nextjs.org/docs/messages/production-start-no-build-id
2025-11-05T15:22:20:     at ignore-listed frames
2025-11-05T15:22:21:    ▲ Next.js 16.0.1
2025-11-05T15:22:21:    - Local:        http://localhost:2122
2025-11-05T15:22:21:    - Network:      http://10.0.0.8:2122
2025-11-05T15:22:21: 
2025-11-05T15:22:21:  ✓ Starting...
2025-11-05T15:22:21: Error: Could not find a production build in the '.next' directory. Try building your app with 'next build' before starting the production server. https://nextjs.org/docs/messages/production-start-no-build-id
2025-11-05T15:22:21:     at ignore-listed frames
2025-11-05T15:22:22:    ▲ Next.js 16.0.1
2025-11-05T15:22:22:    - Local:        http://localhost:2122
2025-11-05T15:22:22:    - Network:      http://10.0.0.8:2122
2025-11-05T15:22:22: 
2025-11-05T15:22:22:  ✓ Starting...
2025-11-05T15:22:22: Error: Could not find a production build in the '.next' directory. Try building your app with 'next build' before starting the production server. https://nextjs.org/docs/messages/production-start-no-build-id
2025-11-05T15:22:22:     at ignore-listed frames
2025-11-05T15:22:24:    ▲ Next.js 16.0.1
2025-11-05T15:22:24:    - Local:        http://localhost:2122
2025-11-05T15:22:24:    - Network:      http://10.0.0.8:2122
2025-11-05T15:22:24: 
2025-11-05T15:22:24:  ✓ Starting...
2025-11-05T15:22:24: Error: Could not find a production build in the '.next' directory. Try building your app with 'next build' before starting the production server. https://nextjs.org/docs/messages/production-start-no-build-id
2025-11-05T15:22:24:     at ignore-listed frames
2025-11-05T15:22:25:    ▲ Next.js 16.0.1
2025-11-05T15:22:25:    - Local:        http://localhost:2122
2025-11-05T15:22:25:    - Network:      http://10.0.0.8:2122
2025-11-05T15:22:25: 
2025-11-05T15:22:25:  ✓ Starting...
2025-11-05T15:22:25: Error: Could not find a production build in the '.next' directory. Try building your app with 'next build' before starting the production server. https://nextjs.org/docs/messages/production-start-no-build-id
2025-11-05T15:22:25:     at ignore-listed frames
2025-11-05T15:22:27:    ▲ Next.js 16.0.1
2025-11-05T15:22:27:    - Local:        http://localhost:2122
2025-11-05T15:22:27:    - Network:      http://10.0.0.8:2122
2025-11-05T15:22:27: 
2025-11-05T15:22:27:  ✓ Starting...
2025-11-05T15:22:27: Error: Could not find a production build in the '.next' directory. Try building your app with 'next build' before starting the production server. https://nextjs.org/docs/messages/production-start-no-build-id
2025-11-05T15:22:27:     at ignore-listed frames
2025-11-05T15:22:28:    ▲ Next.js 16.0.1
2025-11-05T15:22:28:    - Local:        http://localhost:2122
2025-11-05T15:22:28:    - Network:      http://10.0.0.8:2122
2025-11-05T15:22:28: 
2025-11-05T15:22:28:  ✓ Starting...
2025-11-05T15:22:28: Error: Could not find a production build in the '.next' directory. Try building your app with 'next build' before starting the production server. https://nextjs.org/docs/messages/production-start-no-build-id
2025-11-05T15:22:28:     at ignore-listed frames
2025-11-05T15:22:29:    ▲ Next.js 16.0.1
2025-11-05T15:22:29:    - Local:        http://localhost:2122
2025-11-05T15:22:29:    - Network:      http://10.0.0.8:2122
2025-11-05T15:22:29: 
2025-11-05T15:22:29:  ✓ Starting...
2025-11-05T15:22:29: Error: Could not find a production build in the '.next' directory. Try building your app with 'next build' before starting the production server. https://nextjs.org/docs/messages/production-start-no-build-id
2025-11-05T15:22:29:     at ignore-listed frames
2025-11-05T15:22:31:    ▲ Next.js 16.0.1
2025-11-05T15:22:31:    - Local:        http://localhost:2122
2025-11-05T15:22:31:    - Network:      http://10.0.0.8:2122
2025-11-05T15:22:31: 
2025-11-05T15:22:31:  ✓ Starting...
2025-11-05T15:22:31: Error: Could not find a production build in the '.next' directory. Try building your app with 'next build' before starting the production server. https://nextjs.org/docs/messages/production-start-no-build-id
2025-11-05T15:22:31:     at ignore-listed frames
2025-11-05T15:22:32:    ▲ Next.js 16.0.1
2025-11-05T15:22:32:    - Local:        http://localhost:2122
2025-11-05T15:22:32:    - Network:      http://10.0.0.8:2122
2025-11-05T15:22:32: 
2025-11-05T15:22:32:  ✓ Starting...
2025-11-05T15:22:32: Error: Could not find a production build in the '.next' directory. Try building your app with 'next build' before starting the production server. https://nextjs.org/docs/messages/production-start-no-build-id
2025-11-05T15:22:32:     at ignore-listed frames
2025-11-05T15:22:33:    ▲ Next.js 16.0.1
2025-11-05T15:22:33:    - Local:        http://localhost:2122
2025-11-05T15:22:33:    - Network:      http://10.0.0.8:2122
2025-11-05T15:22:33: 
2025-11-05T15:22:33:  ✓ Starting...
2025-11-05T15:22:33: Error: Could not find a production build in the '.next' directory. Try building your app with 'next build' before starting the production server. https://nextjs.org/docs/messages/production-start-no-build-id
2025-11-05T15:22:33:     at ignore-listed frames
2025-11-05T15:22:34:    ▲ Next.js 16.0.1
2025-11-05T15:22:34:    - Local:        http://localhost:2122
2025-11-05T15:22:34:    - Network:      http://10.0.0.8:2122
2025-11-05T15:22:34: 
2025-11-05T15:22:34:  ✓ Starting...
2025-11-05T15:22:34: Error: Could not find a production build in the '.next' directory. Try building your app with 'next build' before starting the production server. https://nextjs.org/docs/messages/production-start-no-build-id
2025-11-05T15:22:34:     at ignore-listed frames
2025-11-05T15:22:36:    ▲ Next.js 16.0.1
2025-11-05T15:22:36:    - Local:        http://localhost:2122
2025-11-05T15:22:36:    - Network:      http://10.0.0.8:2122
2025-11-05T15:22:36: 
2025-11-05T15:22:36:  ✓ Starting...
2025-11-05T15:22:36: Error: Could not find a production build in the '.next' directory. Try building your app with 'next build' before starting the production server. https://nextjs.org/docs/messages/production-start-no-build-id
2025-11-05T15:22:36:     at ignore-listed frames
2025-11-05T15:22:38:    ▲ Next.js 16.0.1
2025-11-05T15:22:38:    - Local:        http://localhost:2122
2025-11-05T15:22:38:    - Network:      http://10.0.0.8:2122
2025-11-05T15:22:38: 
2025-11-05T15:22:38:  ✓ Starting...
2025-11-05T15:22:38: Error: Could not find a production build in the '.next' directory. Try building your app with 'next build' before starting the production server. https://nextjs.org/docs/messages/production-start-no-build-id
2025-11-05T15:22:38:     at ignore-listed frames
2025-11-05T15:22:39:    ▲ Next.js 16.0.1
2025-11-05T15:22:39:    - Local:        http://localhost:2122
2025-11-05T15:22:39:    - Network:      http://10.0.0.8:2122
2025-11-05T15:22:39: 
2025-11-05T15:22:39:  ✓ Starting...
2025-11-05T15:22:39: Error: Could not find a production build in the '.next' directory. Try building your app with 'next build' before starting the production server. https://nextjs.org/docs/messages/production-start-no-build-id
2025-11-05T15:22:39:     at ignore-listed frames
2025-11-05T15:22:40:    ▲ Next.js 16.0.1
2025-11-05T15:22:40:    - Local:        http://localhost:2122
2025-11-05T15:22:40:    - Network:      http://10.0.0.8:2122
2025-11-05T15:22:40: 
2025-11-05T15:22:40:  ✓ Starting...
2025-11-05T15:22:40: Error: Could not find a production build in the '.next' directory. Try building your app with 'next build' before starting the production server. https://nextjs.org/docs/messages/production-start-no-build-id
2025-11-05T15:22:40:     at ignore-listed frames
2025-11-05T15:22:42:    ▲ Next.js 16.0.1
2025-11-05T15:22:42:    - Local:        http://localhost:2122
2025-11-05T15:22:42:    - Network:      http://10.0.0.8:2122
2025-11-05T15:22:42: 
2025-11-05T15:22:42:  ✓ Starting...
2025-11-05T15:22:42: Error: Could not find a production build in the '.next' directory. Try building your app with 'next build' before starting the production server. https://nextjs.org/docs/messages/production-start-no-build-id
2025-11-05T15:22:42:     at ignore-listed frames
2025-11-05T15:22:44:    ▲ Next.js 16.0.1
2025-11-05T15:22:44:    - Local:        http://localhost:2122
2025-11-05T15:22:44:    - Network:      http://10.0.0.8:2122
2025-11-05T15:22:44: 
2025-11-05T15:22:44:  ✓ Starting...
2025-11-05T15:22:44: Error: Could not find a production build in the '.next' directory. Try building your app with 'next build' before starting the production server. https://nextjs.org/docs/messages/production-start-no-build-id
2025-11-05T15:22:44:     at ignore-listed frames
2025-11-05T15:22:45:    ▲ Next.js 16.0.1
2025-11-05T15:22:45:    - Local:        http://localhost:2122
2025-11-05T15:22:45:    - Network:      http://10.0.0.8:2122
2025-11-05T15:22:45: 
2025-11-05T15:22:45:  ✓ Starting...
2025-11-05T15:22:45: Error: Could not find a production build in the '.next' directory. Try building your app with 'next build' before starting the production server. https://nextjs.org/docs/messages/production-start-no-build-id
2025-11-05T15:22:45:     at ignore-listed frames
2025-11-05T15:22:47:    ▲ Next.js 16.0.1
2025-11-05T15:22:47:    - Local:        http://localhost:2122
2025-11-05T15:22:47:    - Network:      http://10.0.0.8:2122
2025-11-05T15:22:47: 
2025-11-05T15:22:47:  ✓ Starting...
2025-11-05T15:22:47: Error: Could not find a production build in the '.next' directory. Try building your app with 'next build' before starting the production server. https://nextjs.org/docs/messages/production-start-no-build-id
2025-11-05T15:22:47:     at ignore-listed frames
2025-11-05T15:22:49:    ▲ Next.js 16.0.1
2025-11-05T15:22:49:    - Local:        http://localhost:2122
2025-11-05T15:22:49:    - Network:      http://10.0.0.8:2122
2025-11-05T15:22:49: 
2025-11-05T15:22:49:  ✓ Starting...
2025-11-05T15:22:49: Error: Could not find a production build in the '.next' directory. Try building your app with 'next build' before starting the production server. https://nextjs.org/docs/messages/production-start-no-build-id
2025-11-05T15:22:49:     at ignore-listed frames
2025-11-05T15:22:50:    ▲ Next.js 16.0.1
2025-11-05T15:22:50:    - Local:        http://localhost:2122
2025-11-05T15:22:50:    - Network:      http://10.0.0.8:2122
2025-11-05T15:22:50: 
2025-11-05T15:22:50:  ✓ Starting...
2025-11-05T15:22:50: Error: Could not find a production build in the '.next' directory. Try building your app with 'next build' before starting the production server. https://nextjs.org/docs/messages/production-start-no-build-id
2025-11-05T15:22:50:     at ignore-listed frames
2025-11-05T15:22:51:    ▲ Next.js 16.0.1
2025-11-05T15:22:51:    - Local:        http://localhost:2122
2025-11-05T15:22:51:    - Network:      http://10.0.0.8:2122
2025-11-05T15:22:51: 
2025-11-05T15:22:51:  ✓ Starting...
2025-11-05T15:22:51: Error: Could not find a production build in the '.next' directory. Try building your app with 'next build' before starting the production server. https://nextjs.org/docs/messages/production-start-no-build-id
2025-11-05T15:22:51:     at ignore-listed frames
2025-11-05T15:22:52:    ▲ Next.js 16.0.1
2025-11-05T15:22:52:    - Local:        http://localhost:2122
2025-11-05T15:22:52:    - Network:      http://10.0.0.8:2122
2025-11-05T15:22:52: 
2025-11-05T15:22:52:  ✓ Starting...
2025-11-05T15:22:52: Error: Could not find a production build in the '.next' directory. Try building your app with 'next build' before starting the production server. https://nextjs.org/docs/messages/production-start-no-build-id
2025-11-05T15:22:52:     at ignore-listed frames
2025-11-05T15:22:54:    ▲ Next.js 16.0.1
2025-11-05T15:22:54:    - Local:        http://localhost:2122
2025-11-05T15:22:54:    - Network:      http://10.0.0.8:2122
2025-11-05T15:22:54: 
2025-11-05T15:22:54:  ✓ Starting...
2025-11-05T15:22:54: Error: Could not find a production build in the '.next' directory. Try building your app with 'next build' before starting the production server. https://nextjs.org/docs/messages/production-start-no-build-id
2025-11-05T15:22:54:     at ignore-listed frames
2025-11-05T15:22:55:    ▲ Next.js 16.0.1
2025-11-05T15:22:55:    - Local:        http://localhost:2122
2025-11-05T15:22:55:    - Network:      http://10.0.0.8:2122
2025-11-05T15:22:55: 
2025-11-05T15:22:55:  ✓ Starting...
2025-11-05T15:22:55: Error: Could not find a production build in the '.next' directory. Try building your app with 'next build' before starting the production server. https://nextjs.org/docs/messages/production-start-no-build-id
2025-11-05T15:22:55:     at ignore-listed frames
2025-11-05T15:22:57:    ▲ Next.js 16.0.1
2025-11-05T15:22:57:    - Local:        http://localhost:2122
2025-11-05T15:22:57:    - Network:      http://10.0.0.8:2122
2025-11-05T15:22:57: 
2025-11-05T15:22:57:  ✓ Starting...
2025-11-05T15:22:57: Error: Could not find a production build in the '.next' directory. Try building your app with 'next build' before starting the production server. https://nextjs.org/docs/messages/production-start-no-build-id
2025-11-05T15:22:57:     at ignore-listed frames
2025-11-05T15:22:59:    ▲ Next.js 16.0.1
2025-11-05T15:22:59:    - Local:        http://localhost:2122
2025-11-05T15:22:59:    - Network:      http://10.0.0.8:2122
2025-11-05T15:22:59: 
2025-11-05T15:22:59:  ✓ Starting...
2025-11-05T15:22:59: Error: Could not find a production build in the '.next' directory. Try building your app with 'next build' before starting the production server. https://nextjs.org/docs/messages/production-start-no-build-id
2025-11-05T15:22:59:     at ignore-listed frames
2025-11-05T15:23:00:    ▲ Next.js 16.0.1
2025-11-05T15:23:00:    - Local:        http://localhost:2122
2025-11-05T15:23:00:    - Network:      http://10.0.0.8:2122
2025-11-05T15:23:00: 
2025-11-05T15:23:00:  ✓ Starting...
2025-11-05T15:23:01: Error: Could not find a production build in the '.next' directory. Try building your app with 'next build' before starting the production server. https://nextjs.org/docs/messages/production-start-no-build-id
2025-11-05T15:23:01:     at ignore-listed frames
2025-11-05T15:23:01:    ▲ Next.js 16.0.1
2025-11-05T15:23:01:    - Local:        http://localhost:2122
2025-11-05T15:23:01:    - Network:      http://10.0.0.8:2122
2025-11-05T15:23:01: 
2025-11-05T15:23:01:  ✓ Starting...
2025-11-05T15:23:02: Error: Could not find a production build in the '.next' directory. Try building your app with 'next build' before starting the production server. https://nextjs.org/docs/messages/production-start-no-build-id
2025-11-05T15:23:02:     at ignore-listed frames
2025-11-05T15:23:02:    ▲ Next.js 16.0.1
2025-11-05T15:23:02:    - Local:        http://localhost:2122
2025-11-05T15:23:02:    - Network:      http://10.0.0.8:2122
2025-11-05T15:23:02: 
2025-11-05T15:23:02:  ✓ Starting...
2025-11-05T15:23:02: Error: Could not find a production build in the '.next' directory. Try building your app with 'next build' before starting the production server. https://nextjs.org/docs/messages/production-start-no-build-id
2025-11-05T15:23:02:     at ignore-listed frames
2025-11-05T15:23:04:    ▲ Next.js 16.0.1
2025-11-05T15:23:04:    - Local:        http://localhost:2122
2025-11-05T15:23:04:    - Network:      http://10.0.0.8:2122
2025-11-05T15:23:04: 
2025-11-05T15:23:04:  ✓ Starting...
2025-11-05T15:23:04: Error: Could not find a production build in the '.next' directory. Try building your app with 'next build' before starting the production server. https://nextjs.org/docs/messages/production-start-no-build-id
2025-11-05T15:23:04:     at ignore-listed frames
2025-11-05T15:23:06:    ▲ Next.js 16.0.1
2025-11-05T15:23:06:    - Local:        http://localhost:2122
2025-11-05T15:23:06:    - Network:      http://10.0.0.8:2122
2025-11-05T15:23:06: 
2025-11-05T15:23:06:  ✓ Starting...
2025-11-05T15:23:06: Error: Could not find a production build in the '.next' directory. Try building your app with 'next build' before starting the production server. https://nextjs.org/docs/messages/production-start-no-build-id
2025-11-05T15:23:06:     at ignore-listed frames
2025-11-05T15:23:07:    ▲ Next.js 16.0.1
2025-11-05T15:23:07:    - Local:        http://localhost:2122
2025-11-05T15:23:07:    - Network:      http://10.0.0.8:2122
2025-11-05T15:23:07: 
2025-11-05T15:23:07:  ✓ Starting...
2025-11-05T15:23:07: Error: Could not find a production build in the '.next' directory. Try building your app with 'next build' before starting the production server. https://nextjs.org/docs/messages/production-start-no-build-id
2025-11-05T15:23:07:     at ignore-listed frames
2025-11-05T15:23:08:    ▲ Next.js 16.0.1
2025-11-05T15:23:08:    - Local:        http://localhost:2122
2025-11-05T15:23:08:    - Network:      http://10.0.0.8:2122
2025-11-05T15:23:08: 
2025-11-05T15:23:08:  ✓ Starting...
2025-11-05T15:23:08: Error: Could not find a production build in the '.next' directory. Try building your app with 'next build' before starting the production server. https://nextjs.org/docs/messages/production-start-no-build-id
2025-11-05T15:23:08:     at ignore-listed frames
2025-11-05T15:23:10:    ▲ Next.js 16.0.1
2025-11-05T15:23:10:    - Local:        http://localhost:2122
2025-11-05T15:23:10:    - Network:      http://10.0.0.8:2122
2025-11-05T15:23:10: 
2025-11-05T15:23:10:  ✓ Starting...
2025-11-05T15:23:10: Error: Could not find a production build in the '.next' directory. Try building your app with 'next build' before starting the production server. https://nextjs.org/docs/messages/production-start-no-build-id
2025-11-05T15:23:10:     at ignore-listed frames
2025-11-05T15:23:12:    ▲ Next.js 16.0.1
2025-11-05T15:23:12:    - Local:        http://localhost:2122
2025-11-05T15:23:12:    - Network:      http://10.0.0.8:2122
2025-11-05T15:23:12: 
2025-11-05T15:23:12:  ✓ Starting...
2025-11-05T15:23:12: Error: Could not find a production build in the '.next' directory. Try building your app with 'next build' before starting the production server. https://nextjs.org/docs/messages/production-start-no-build-id
2025-11-05T15:23:12:     at ignore-listed frames
2025-11-05T15:23:13:    ▲ Next.js 16.0.1
2025-11-05T15:23:13:    - Local:        http://localhost:2122
2025-11-05T15:23:13:    - Network:      http://10.0.0.8:2122
2025-11-05T15:23:13: 
2025-11-05T15:23:13:  ✓ Starting...
2025-11-05T15:23:13: Error: Could not find a production build in the '.next' directory. Try building your app with 'next build' before starting the production server. https://nextjs.org/docs/messages/production-start-no-build-id
2025-11-05T15:23:13:     at ignore-listed frames
2025-11-05T15:23:14:    ▲ Next.js 16.0.1
2025-11-05T15:23:14:    - Local:        http://localhost:2122
2025-11-05T15:23:14:    - Network:      http://10.0.0.8:2122
2025-11-05T15:23:14: 
2025-11-05T15:23:14:  ✓ Starting...
2025-11-05T15:23:14: Error: Could not find a production build in the '.next' directory. Try building your app with 'next build' before starting the production server. https://nextjs.org/docs/messages/production-start-no-build-id
2025-11-05T15:23:14:     at ignore-listed frames
2025-11-05T15:23:16:    ▲ Next.js 16.0.1
2025-11-05T15:23:16:    - Local:        http://localhost:2122
2025-11-05T15:23:16:    - Network:      http://10.0.0.8:2122
2025-11-05T15:23:16: 
2025-11-05T15:23:16:  ✓ Starting...
2025-11-05T15:23:16: Error: Could not find a production build in the '.next' directory. Try building your app with 'next build' before starting the production server. https://nextjs.org/docs/messages/production-start-no-build-id
2025-11-05T15:23:16:     at ignore-listed frames
2025-11-05T15:23:18:    ▲ Next.js 16.0.1
2025-11-05T15:23:18:    - Local:        http://localhost:2122
2025-11-05T15:23:18:    - Network:      http://10.0.0.8:2122
2025-11-05T15:23:18: 
2025-11-05T15:23:18:  ✓ Starting...
2025-11-05T15:23:18: Error: Could not find a production build in the '.next' directory. Try building your app with 'next build' before starting the production server. https://nextjs.org/docs/messages/production-start-no-build-id
2025-11-05T15:23:18:     at ignore-listed frames
2025-11-05T15:23:19:    ▲ Next.js 16.0.1
2025-11-05T15:23:19:    - Local:        http://localhost:2122
2025-11-05T15:23:19:    - Network:      http://10.0.0.8:2122
2025-11-05T15:23:19: 
2025-11-05T15:23:19:  ✓ Starting...
2025-11-05T15:23:19: Error: Could not find a production build in the '.next' directory. Try building your app with 'next build' before starting the production server. https://nextjs.org/docs/messages/production-start-no-build-id
2025-11-05T15:23:19:     at ignore-listed frames
2025-11-05T15:23:20:    ▲ Next.js 16.0.1
2025-11-05T15:23:20:    - Local:        http://localhost:2122
2025-11-05T15:23:20:    - Network:      http://10.0.0.8:2122
2025-11-05T15:23:20: 
2025-11-05T15:23:20:  ✓ Starting...
2025-11-05T15:23:21: Error: Could not find a production build in the '.next' directory. Try building your app with 'next build' before starting the production server. https://nextjs.org/docs/messages/production-start-no-build-id
2025-11-05T15:23:21:     at ignore-listed frames
2025-11-05T15:23:22:    ▲ Next.js 16.0.1
2025-11-05T15:23:22:    - Local:        http://localhost:2122
2025-11-05T15:23:22:    - Network:      http://10.0.0.8:2122
2025-11-05T15:23:22: 
2025-11-05T15:23:22:  ✓ Starting...
2025-11-05T15:23:22: Error: Could not find a production build in the '.next' directory. Try building your app with 'next build' before starting the production server. https://nextjs.org/docs/messages/production-start-no-build-id
2025-11-05T15:23:22:     at ignore-listed frames
2025-11-05T15:23:24:    ▲ Next.js 16.0.1
2025-11-05T15:23:24:    - Local:        http://localhost:2122
2025-11-05T15:23:24:    - Network:      http://10.0.0.8:2122
2025-11-05T15:23:24: 
2025-11-05T15:23:24:  ✓ Starting...
2025-11-05T15:23:24: Error: Could not find a production build in the '.next' directory. Try building your app with 'next build' before starting the production server. https://nextjs.org/docs/messages/production-start-no-build-id
2025-11-05T15:23:24:     at ignore-listed frames
2025-11-05T15:23:25:    ▲ Next.js 16.0.1
2025-11-05T15:23:25:    - Local:        http://localhost:2122
2025-11-05T15:23:25:    - Network:      http://10.0.0.8:2122
2025-11-05T15:23:25: 
2025-11-05T15:23:25:  ✓ Starting...
2025-11-05T15:23:25: Error: Could not find a production build in the '.next' directory. Try building your app with 'next build' before starting the production server. https://nextjs.org/docs/messages/production-start-no-build-id
2025-11-05T15:23:25:     at ignore-listed frames
2025-11-05T15:23:26:    ▲ Next.js 16.0.1
2025-11-05T15:23:26:    - Local:        http://localhost:2122
2025-11-05T15:23:26:    - Network:      http://10.0.0.8:2122
2025-11-05T15:23:26: 
2025-11-05T15:23:26:  ✓ Starting...
2025-11-05T15:23:26: Error: Could not find a production build in the '.next' directory. Try building your app with 'next build' before starting the production server. https://nextjs.org/docs/messages/production-start-no-build-id
2025-11-05T15:23:26:     at ignore-listed frames
2025-11-05T15:23:29:    ▲ Next.js 16.0.1
2025-11-05T15:23:29:    - Local:        http://localhost:2122
2025-11-05T15:23:29:    - Network:      http://10.0.0.8:2122
2025-11-05T15:23:29: 
2025-11-05T15:23:29:  ✓ Starting...
2025-11-05T15:23:29: Error: Could not find a production build in the '.next' directory. Try building your app with 'next build' before starting the production server. https://nextjs.org/docs/messages/production-start-no-build-id
2025-11-05T15:23:29:     at ignore-listed frames
2025-11-05T15:23:30:    ▲ Next.js 16.0.1
2025-11-05T15:23:30:    - Local:        http://localhost:2122
2025-11-05T15:23:30:    - Network:      http://10.0.0.8:2122
2025-11-05T15:23:30: 
2025-11-05T15:23:30:  ✓ Starting...
2025-11-05T15:23:30: Error: Could not find a production build in the '.next' directory. Try building your app with 'next build' before starting the production server. https://nextjs.org/docs/messages/production-start-no-build-id
2025-11-05T15:23:30:     at ignore-listed frames
2025-11-05T15:23:31:    ▲ Next.js 16.0.1
2025-11-05T15:23:31:    - Local:        http://localhost:2122
2025-11-05T15:23:31:    - Network:      http://10.0.0.8:2122
2025-11-05T15:23:31: 
2025-11-05T15:23:31:  ✓ Starting...
2025-11-05T15:23:31: Error: Could not find a production build in the '.next' directory. Try building your app with 'next build' before starting the production server. https://nextjs.org/docs/messages/production-start-no-build-id
2025-11-05T15:23:31:     at ignore-listed frames
2025-11-05T15:23:32:    ▲ Next.js 16.0.1
2025-11-05T15:23:32:    - Local:        http://localhost:2122
2025-11-05T15:23:32:    - Network:      http://10.0.0.8:2122
2025-11-05T15:23:32: 
2025-11-05T15:23:32:  ✓ Starting...
2025-11-05T15:23:32: Error: Could not find a production build in the '.next' directory. Try building your app with 'next build' before starting the production server. https://nextjs.org/docs/messages/production-start-no-build-id
2025-11-05T15:23:32:     at ignore-listed frames
2025-11-05T15:23:34:    ▲ Next.js 16.0.1
2025-11-05T15:23:34:    - Local:        http://localhost:2122
2025-11-05T15:23:34:    - Network:      http://10.0.0.8:2122
2025-11-05T15:23:34: 
2025-11-05T15:23:34:  ✓ Starting...
2025-11-05T15:23:34: Error: Could not find a production build in the '.next' directory. Try building your app with 'next build' before starting the production server. https://nextjs.org/docs/messages/production-start-no-build-id
2025-11-05T15:23:34:     at ignore-listed frames
2025-11-05T15:23:36:    ▲ Next.js 16.0.1
2025-11-05T15:23:36:    - Local:        http://localhost:2122
2025-11-05T15:23:36:    - Network:      http://10.0.0.8:2122
2025-11-05T15:23:36: 
2025-11-05T15:23:36:  ✓ Starting...
2025-11-05T15:23:36: Error: Could not find a production build in the '.next' directory. Try building your app with 'next build' before starting the production server. https://nextjs.org/docs/messages/production-start-no-build-id
2025-11-05T15:23:36:     at ignore-listed frames
2025-11-05T15:23:37:    ▲ Next.js 16.0.1
2025-11-05T15:23:37:    - Local:        http://localhost:2122
2025-11-05T15:23:37:    - Network:      http://10.0.0.8:2122
2025-11-05T15:23:37: 
2025-11-05T15:23:37:  ✓ Starting...
2025-11-05T15:23:37: Error: Could not find a production build in the '.next' directory. Try building your app with 'next build' before starting the production server. https://nextjs.org/docs/messages/production-start-no-build-id
2025-11-05T15:23:37:     at ignore-listed frames
2025-11-05T15:23:38:    ▲ Next.js 16.0.1
2025-11-05T15:23:38:    - Local:        http://localhost:2122
2025-11-05T15:23:38:    - Network:      http://10.0.0.8:2122
2025-11-05T15:23:38: 
2025-11-05T15:23:38:  ✓ Starting...
2025-11-05T15:23:38: Error: Could not find a production build in the '.next' directory. Try building your app with 'next build' before starting the production server. https://nextjs.org/docs/messages/production-start-no-build-id
2025-11-05T15:23:38:     at ignore-listed frames
2025-11-05T15:23:40:    ▲ Next.js 16.0.1
2025-11-05T15:23:40:    - Local:        http://localhost:2122
2025-11-05T15:23:40:    - Network:      http://10.0.0.8:2122
2025-11-05T15:23:40: 
2025-11-05T15:23:40:  ✓ Starting...
2025-11-05T15:23:40: Error: Could not find a production build in the '.next' directory. Try building your app with 'next build' before starting the production server. https://nextjs.org/docs/messages/production-start-no-build-id
2025-11-05T15:23:40:     at ignore-listed frames
2025-11-05T15:23:42:    ▲ Next.js 16.0.1
2025-11-05T15:23:42:    - Local:        http://localhost:2122
2025-11-05T15:23:42:    - Network:      http://10.0.0.8:2122
2025-11-05T15:23:42: 
2025-11-05T15:23:42:  ✓ Starting...
2025-11-05T15:23:42: Error: Could not find a production build in the '.next' directory. Try building your app with 'next build' before starting the production server. https://nextjs.org/docs/messages/production-start-no-build-id
2025-11-05T15:23:42:     at ignore-listed frames
2025-11-05T15:23:43:    ▲ Next.js 16.0.1
2025-11-05T15:23:43:    - Local:        http://localhost:2122
2025-11-05T15:23:43:    - Network:      http://10.0.0.8:2122
2025-11-05T15:23:43: 
2025-11-05T15:23:43:  ✓ Starting...
2025-11-05T15:23:43: Error: Could not find a production build in the '.next' directory. Try building your app with 'next build' before starting the production server. https://nextjs.org/docs/messages/production-start-no-build-id
2025-11-05T15:23:43:     at ignore-listed frames
2025-11-05T15:23:44:    ▲ Next.js 16.0.1
2025-11-05T15:23:44:    - Local:        http://localhost:2122
2025-11-05T15:23:44:    - Network:      http://10.0.0.8:2122
2025-11-05T15:23:44: 
2025-11-05T15:23:44:  ✓ Starting...
2025-11-05T15:23:44: Error: Could not find a production build in the '.next' directory. Try building your app with 'next build' before starting the production server. https://nextjs.org/docs/messages/production-start-no-build-id
2025-11-05T15:23:44:     at ignore-listed frames
2025-11-05T15:23:45:    ▲ Next.js 16.0.1
2025-11-05T15:23:45:    - Local:        http://localhost:2122
2025-11-05T15:23:45:    - Network:      http://10.0.0.8:2122
2025-11-05T15:23:45: 
2025-11-05T15:23:45:  ✓ Starting...
2025-11-05T15:23:45: Error: Could not find a production build in the '.next' directory. Try building your app with 'next build' before starting the production server. https://nextjs.org/docs/messages/production-start-no-build-id
2025-11-05T15:23:45:     at ignore-listed frames
2025-11-05T15:23:47:    ▲ Next.js 16.0.1
2025-11-05T15:23:47:    - Local:        http://localhost:2122
2025-11-05T15:23:47:    - Network:      http://10.0.0.8:2122
2025-11-05T15:23:47: 
2025-11-05T15:23:47:  ✓ Starting...
2025-11-05T15:23:47: Error: Could not find a production build in the '.next' directory. Try building your app with 'next build' before starting the production server. https://nextjs.org/docs/messages/production-start-no-build-id
2025-11-05T15:23:47:     at ignore-listed frames
2025-11-05T15:23:48:    ▲ Next.js 16.0.1
2025-11-05T15:23:48:    - Local:        http://localhost:2122
2025-11-05T15:23:48:    - Network:      http://10.0.0.8:2122
2025-11-05T15:23:48: 
2025-11-05T15:23:48:  ✓ Starting...
2025-11-05T15:23:48: Error: Could not find a production build in the '.next' directory. Try building your app with 'next build' before starting the production server. https://nextjs.org/docs/messages/production-start-no-build-id
2025-11-05T15:23:48:     at ignore-listed frames
2025-11-05T15:23:49:    ▲ Next.js 16.0.1
2025-11-05T15:23:49:    - Local:        http://localhost:2122
2025-11-05T15:23:49:    - Network:      http://10.0.0.8:2122
2025-11-05T15:23:49: 
2025-11-05T15:23:49:  ✓ Starting...
2025-11-05T15:23:49: Error: Could not find a production build in the '.next' directory. Try building your app with 'next build' before starting the production server. https://nextjs.org/docs/messages/production-start-no-build-id
2025-11-05T15:23:49:     at ignore-listed frames
2025-11-05T15:23:51:    ▲ Next.js 16.0.1
2025-11-05T15:23:51:    - Local:        http://localhost:2122
2025-11-05T15:23:51:    - Network:      http://10.0.0.8:2122
2025-11-05T15:23:51: 
2025-11-05T15:23:51:  ✓ Starting...
2025-11-05T15:23:51: Error: Could not find a production build in the '.next' directory. Try building your app with 'next build' before starting the production server. https://nextjs.org/docs/messages/production-start-no-build-id
2025-11-05T15:23:51:     at ignore-listed frames
2025-11-05T15:23:53:    ▲ Next.js 16.0.1
2025-11-05T15:23:53:    - Local:        http://localhost:2122
2025-11-05T15:23:53:    - Network:      http://10.0.0.8:2122
2025-11-05T15:23:53: 
2025-11-05T15:23:53:  ✓ Starting...
2025-11-05T15:23:53: Error: Could not find a production build in the '.next' directory. Try building your app with 'next build' before starting the production server. https://nextjs.org/docs/messages/production-start-no-build-id
2025-11-05T15:23:53:     at ignore-listed frames
2025-11-05T15:23:54:    ▲ Next.js 16.0.1
2025-11-05T15:23:54:    - Local:        http://localhost:2122
2025-11-05T15:23:54:    - Network:      http://10.0.0.8:2122
2025-11-05T15:23:54: 
2025-11-05T15:23:54:  ✓ Starting...
2025-11-05T15:23:54: Error: Could not find a production build in the '.next' directory. Try building your app with 'next build' before starting the production server. https://nextjs.org/docs/messages/production-start-no-build-id
2025-11-05T15:23:54:     at ignore-listed frames
2025-11-05T15:23:55:    ▲ Next.js 16.0.1
2025-11-05T15:23:55:    - Local:        http://localhost:2122
2025-11-05T15:23:55:    - Network:      http://10.0.0.8:2122
2025-11-05T15:23:55: 
2025-11-05T15:23:55:  ✓ Starting...
2025-11-05T15:23:55: Error: Could not find a production build in the '.next' directory. Try building your app with 'next build' before starting the production server. https://nextjs.org/docs/messages/production-start-no-build-id
2025-11-05T15:23:55:     at ignore-listed frames
2025-11-05T15:23:56:    ▲ Next.js 16.0.1
2025-11-05T15:23:56:    - Local:        http://localhost:2122
2025-11-05T15:23:56:    - Network:      http://10.0.0.8:2122
2025-11-05T15:23:56: 
2025-11-05T15:23:56:  ✓ Starting...
2025-11-05T15:23:56: Error: Could not find a production build in the '.next' directory. Try building your app with 'next build' before starting the production server. https://nextjs.org/docs/messages/production-start-no-build-id
2025-11-05T15:23:56:     at ignore-listed frames
2025-11-05T15:23:58:    ▲ Next.js 16.0.1
2025-11-05T15:23:58:    - Local:        http://localhost:2122
2025-11-05T15:23:58:    - Network:      http://10.0.0.8:2122
2025-11-05T15:23:58: 
2025-11-05T15:23:58:  ✓ Starting...
2025-11-05T15:23:58: Error: Could not find a production build in the '.next' directory. Try building your app with 'next build' before starting the production server. https://nextjs.org/docs/messages/production-start-no-build-id
2025-11-05T15:23:58:     at ignore-listed frames
2025-11-05T15:24:00:    ▲ Next.js 16.0.1
2025-11-05T15:24:00:    - Local:        http://localhost:2122
2025-11-05T15:24:00:    - Network:      http://10.0.0.8:2122
2025-11-05T15:24:00: 
2025-11-05T15:24:00:  ✓ Starting...
2025-11-05T15:24:00: Error: Could not find a production build in the '.next' directory. Try building your app with 'next build' before starting the production server. https://nextjs.org/docs/messages/production-start-no-build-id
2025-11-05T15:24:00:     at ignore-listed frames
2025-11-05T15:24:01:    ▲ Next.js 16.0.1
2025-11-05T15:24:01:    - Local:        http://localhost:2122
2025-11-05T15:24:01:    - Network:      http://10.0.0.8:2122
2025-11-05T15:24:01: 
2025-11-05T15:24:01:  ✓ Starting...
2025-11-05T15:24:01: Error: Could not find a production build in the '.next' directory. Try building your app with 'next build' before starting the production server. https://nextjs.org/docs/messages/production-start-no-build-id
2025-11-05T15:24:01:     at ignore-listed frames
2025-11-05T15:24:02:    ▲ Next.js 16.0.1
2025-11-05T15:24:02:    - Local:        http://localhost:2122
2025-11-05T15:24:02:    - Network:      http://10.0.0.8:2122
2025-11-05T15:24:02: 
2025-11-05T15:24:02:  ✓ Starting...
2025-11-05T15:24:02: Error: Could not find a production build in the '.next' directory. Try building your app with 'next build' before starting the production server. https://nextjs.org/docs/messages/production-start-no-build-id
2025-11-05T15:24:02:     at ignore-listed frames
2025-11-05T15:24:03:    ▲ Next.js 16.0.1
2025-11-05T15:24:03:    - Local:        http://localhost:2122
2025-11-05T15:24:03:    - Network:      http://10.0.0.8:2122
2025-11-05T15:24:03: 
2025-11-05T15:24:03:  ✓ Starting...
2025-11-05T15:24:03: Error: Could not find a production build in the '.next' directory. Try building your app with 'next build' before starting the production server. https://nextjs.org/docs/messages/production-start-no-build-id
2025-11-05T15:24:03:     at ignore-listed frames
2025-11-05T15:24:05:    ▲ Next.js 16.0.1
2025-11-05T15:24:05:    - Local:        http://localhost:2122
2025-11-05T15:24:05:    - Network:      http://10.0.0.8:2122
2025-11-05T15:24:05: 
2025-11-05T15:24:05:  ✓ Starting...
2025-11-05T15:24:05: Error: Could not find a production build in the '.next' directory. Try building your app with 'next build' before starting the production server. https://nextjs.org/docs/messages/production-start-no-build-id
2025-11-05T15:24:05:     at ignore-listed frames
2025-11-05T15:24:06:    ▲ Next.js 16.0.1
2025-11-05T15:24:06:    - Local:        http://localhost:2122
2025-11-05T15:24:06:    - Network:      http://10.0.0.8:2122
2025-11-05T15:24:06: 
2025-11-05T15:24:06:  ✓ Starting...
2025-11-05T15:24:06: Error: Could not find a production build in the '.next' directory. Try building your app with 'next build' before starting the production server. https://nextjs.org/docs/messages/production-start-no-build-id
2025-11-05T15:24:06:     at ignore-listed frames
2025-11-05T15:24:07:    ▲ Next.js 16.0.1
2025-11-05T15:24:07:    - Local:        http://localhost:2122
2025-11-05T15:24:07:    - Network:      http://10.0.0.8:2122
2025-11-05T15:24:07: 
2025-11-05T15:24:07:  ✓ Starting...
2025-11-05T15:24:07: Error: Could not find a production build in the '.next' directory. Try building your app with 'next build' before starting the production server. https://nextjs.org/docs/messages/production-start-no-build-id
2025-11-05T15:24:07:     at ignore-listed frames
2025-11-05T15:24:09:    ▲ Next.js 16.0.1
2025-11-05T15:24:09:    - Local:        http://localhost:2122
2025-11-05T15:24:09:    - Network:      http://10.0.0.8:2122
2025-11-05T15:24:09: 
2025-11-05T15:24:09:  ✓ Starting...
2025-11-05T15:24:09: Error: Could not find a production build in the '.next' directory. Try building your app with 'next build' before starting the production server. https://nextjs.org/docs/messages/production-start-no-build-id
2025-11-05T15:24:09:     at ignore-listed frames
2025-11-05T15:24:10:    ▲ Next.js 16.0.1
2025-11-05T15:24:10:    - Local:        http://localhost:2122
2025-11-05T15:24:10:    - Network:      http://10.0.0.8:2122
2025-11-05T15:24:10: 
2025-11-05T15:24:10:  ✓ Starting...
2025-11-05T15:24:10: Error: Could not find a production build in the '.next' directory. Try building your app with 'next build' before starting the production server. https://nextjs.org/docs/messages/production-start-no-build-id
2025-11-05T15:24:10:     at ignore-listed frames
2025-11-05T15:24:12:    ▲ Next.js 16.0.1
2025-11-05T15:24:12:    - Local:        http://localhost:2122
2025-11-05T15:24:12:    - Network:      http://10.0.0.8:2122
2025-11-05T15:24:12: 
2025-11-05T15:24:12:  ✓ Starting...
2025-11-05T15:24:12: Error: Could not find a production build in the '.next' directory. Try building your app with 'next build' before starting the production server. https://nextjs.org/docs/messages/production-start-no-build-id
2025-11-05T15:24:12:     at ignore-listed frames
2025-11-05T15:24:13:    ▲ Next.js 16.0.1
2025-11-05T15:24:13:    - Local:        http://localhost:2122
2025-11-05T15:24:13:    - Network:      http://10.0.0.8:2122
2025-11-05T15:24:13: 
2025-11-05T15:24:13:  ✓ Starting...
2025-11-05T15:24:13: Error: Could not find a production build in the '.next' directory. Try building your app with 'next build' before starting the production server. https://nextjs.org/docs/messages/production-start-no-build-id
2025-11-05T15:24:13:     at ignore-listed frames
2025-11-05T15:24:14:    ▲ Next.js 16.0.1
2025-11-05T15:24:14:    - Local:        http://localhost:2122
2025-11-05T15:24:14:    - Network:      http://10.0.0.8:2122
2025-11-05T15:24:14: 
2025-11-05T15:24:14:  ✓ Starting...
2025-11-05T15:24:14: Error: Could not find a production build in the '.next' directory. Try building your app with 'next build' before starting the production server. https://nextjs.org/docs/messages/production-start-no-build-id
2025-11-05T15:24:14:     at ignore-listed frames
2025-11-05T15:24:16:    ▲ Next.js 16.0.1
2025-11-05T15:24:16:    - Local:        http://localhost:2122
2025-11-05T15:24:16:    - Network:      http://10.0.0.8:2122
2025-11-05T15:24:16: 
2025-11-05T15:24:16:  ✓ Starting...
2025-11-05T15:24:16: Error: Could not find a production build in the '.next' directory. Try building your app with 'next build' before starting the production server. https://nextjs.org/docs/messages/production-start-no-build-id
2025-11-05T15:24:16:     at ignore-listed frames
2025-11-05T15:24:18:    ▲ Next.js 16.0.1
2025-11-05T15:24:18:    - Local:        http://localhost:2122
2025-11-05T15:24:18:    - Network:      http://10.0.0.8:2122
2025-11-05T15:24:18: 
2025-11-05T15:24:18:  ✓ Starting...
2025-11-05T15:24:18: Error: Could not find a production build in the '.next' directory. Try building your app with 'next build' before starting the production server. https://nextjs.org/docs/messages/production-start-no-build-id
2025-11-05T15:24:18:     at ignore-listed frames
2025-11-05T15:24:19:    ▲ Next.js 16.0.1
2025-11-05T15:24:19:    - Local:        http://localhost:2122
2025-11-05T15:24:19:    - Network:      http://10.0.0.8:2122
2025-11-05T15:24:19: 
2025-11-05T15:24:19:  ✓ Starting...
2025-11-05T15:24:19: Error: Could not find a production build in the '.next' directory. Try building your app with 'next build' before starting the production server. https://nextjs.org/docs/messages/production-start-no-build-id
2025-11-05T15:24:19:     at ignore-listed frames
2025-11-05T15:24:20:    ▲ Next.js 16.0.1
2025-11-05T15:24:20:    - Local:        http://localhost:2122
2025-11-05T15:24:20:    - Network:      http://10.0.0.8:2122
2025-11-05T15:24:20: 
2025-11-05T15:24:20:  ✓ Starting...
2025-11-05T15:24:20: Error: Could not find a production build in the '.next' directory. Try building your app with 'next build' before starting the production server. https://nextjs.org/docs/messages/production-start-no-build-id
2025-11-05T15:24:20:     at ignore-listed frames
2025-11-05T15:24:21:    ▲ Next.js 16.0.1
2025-11-05T15:24:21:    - Local:        http://localhost:2122
2025-11-05T15:24:21:    - Network:      http://10.0.0.8:2122
2025-11-05T15:24:21: 
2025-11-05T15:24:21:  ✓ Starting...
2025-11-05T15:24:21: Error: Could not find a production build in the '.next' directory. Try building your app with 'next build' before starting the production server. https://nextjs.org/docs/messages/production-start-no-build-id
2025-11-05T15:24:21:     at ignore-listed frames
2025-11-05T15:24:24:    ▲ Next.js 16.0.1
2025-11-05T15:24:24:    - Local:        http://localhost:2122
2025-11-05T15:24:24:    - Network:      http://10.0.0.8:2122
2025-11-05T15:24:24: 
2025-11-05T15:24:24:  ✓ Starting...
2025-11-05T15:24:24: Error: Could not find a production build in the '.next' directory. Try building your app with 'next build' before starting the production server. https://nextjs.org/docs/messages/production-start-no-build-id
2025-11-05T15:24:24:     at ignore-listed frames
2025-11-05T15:24:26:    ▲ Next.js 16.0.1
2025-11-05T15:24:26:    - Local:        http://localhost:2122
2025-11-05T15:24:26:    - Network:      http://10.0.0.8:2122
2025-11-05T15:24:26: 
2025-11-05T15:24:26:  ✓ Starting...
2025-11-05T15:24:26: Error: Could not find a production build in the '.next' directory. Try building your app with 'next build' before starting the production server. https://nextjs.org/docs/messages/production-start-no-build-id
2025-11-05T15:24:26:     at ignore-listed frames
2025-11-05T15:24:27:    ▲ Next.js 16.0.1
2025-11-05T15:24:27:    - Local:        http://localhost:2122
2025-11-05T15:24:27:    - Network:      http://10.0.0.8:2122
2025-11-05T15:24:27: 
2025-11-05T15:24:27:  ✓ Starting...
2025-11-05T15:24:27: Error: Could not find a production build in the '.next' directory. Try building your app with 'next build' before starting the production server. https://nextjs.org/docs/messages/production-start-no-build-id
2025-11-05T15:24:27:     at ignore-listed frames
2025-11-05T15:24:28:    ▲ Next.js 16.0.1
2025-11-05T15:24:28:    - Local:        http://localhost:2122
2025-11-05T15:24:28:    - Network:      http://10.0.0.8:2122
2025-11-05T15:24:28: 
2025-11-05T15:24:28:  ✓ Starting...
2025-11-05T15:24:28: Error: Could not find a production build in the '.next' directory. Try building your app with 'next build' before starting the production server. https://nextjs.org/docs/messages/production-start-no-build-id
2025-11-05T15:24:28:     at ignore-listed frames
2025-11-05T15:24:30:    ▲ Next.js 16.0.1
2025-11-05T15:24:30:    - Local:        http://localhost:2122
2025-11-05T15:24:30:    - Network:      http://10.0.0.8:2122
2025-11-05T15:24:30: 
2025-11-05T15:24:30:  ✓ Starting...
2025-11-05T15:24:30: Error: Could not find a production build in the '.next' directory. Try building your app with 'next build' before starting the production server. https://nextjs.org/docs/messages/production-start-no-build-id
2025-11-05T15:24:30:     at ignore-listed frames
2025-11-05T15:24:32:    ▲ Next.js 16.0.1
2025-11-05T15:24:32:    - Local:        http://localhost:2122
2025-11-05T15:24:32:    - Network:      http://10.0.0.8:2122
2025-11-05T15:24:32: 
2025-11-05T15:24:32:  ✓ Starting...
2025-11-05T15:24:32: Error: Could not find a production build in the '.next' directory. Try building your app with 'next build' before starting the production server. https://nextjs.org/docs/messages/production-start-no-build-id
2025-11-05T15:24:32:     at ignore-listed frames
2025-11-05T15:24:33:    ▲ Next.js 16.0.1
2025-11-05T15:24:33:    - Local:        http://localhost:2122
2025-11-05T15:24:33:    - Network:      http://10.0.0.8:2122
2025-11-05T15:24:33: 
2025-11-05T15:24:33:  ✓ Starting...
2025-11-05T15:24:33: Error: Could not find a production build in the '.next' directory. Try building your app with 'next build' before starting the production server. https://nextjs.org/docs/messages/production-start-no-build-id
2025-11-05T15:24:33:     at ignore-listed frames
2025-11-05T15:24:34:    ▲ Next.js 16.0.1
2025-11-05T15:24:34:    - Local:        http://localhost:2122
2025-11-05T15:24:34:    - Network:      http://10.0.0.8:2122
2025-11-05T15:24:34: 
2025-11-05T15:24:34:  ✓ Starting...
2025-11-05T15:24:34: Error: Could not find a production build in the '.next' directory. Try building your app with 'next build' before starting the production server. https://nextjs.org/docs/messages/production-start-no-build-id
2025-11-05T15:24:34:     at ignore-listed frames
2025-11-05T15:24:36:    ▲ Next.js 16.0.1
2025-11-05T15:24:36:    - Local:        http://localhost:2122
2025-11-05T15:24:36:    - Network:      http://10.0.0.8:2122
2025-11-05T15:24:36: 
2025-11-05T15:24:36:  ✓ Starting...
2025-11-05T15:24:36: Error: Could not find a production build in the '.next' directory. Try building your app with 'next build' before starting the production server. https://nextjs.org/docs/messages/production-start-no-build-id
2025-11-05T15:24:36:     at ignore-listed frames
2025-11-05T15:24:38:    ▲ Next.js 16.0.1
2025-11-05T15:24:38:    - Local:        http://localhost:2122
2025-11-05T15:24:38:    - Network:      http://10.0.0.8:2122
2025-11-05T15:24:38: 
2025-11-05T15:24:38:  ✓ Starting...
2025-11-05T15:24:38: Error: Could not find a production build in the '.next' directory. Try building your app with 'next build' before starting the production server. https://nextjs.org/docs/messages/production-start-no-build-id
2025-11-05T15:24:38:     at ignore-listed frames
2025-11-05T15:24:40:    ▲ Next.js 16.0.1
2025-11-05T15:24:40:    - Local:        http://localhost:2122
2025-11-05T15:24:40:    - Network:      http://10.0.0.8:2122
2025-11-05T15:24:40: 
2025-11-05T15:24:40:  ✓ Starting...
2025-11-05T15:24:40: Error: Could not find a production build in the '.next' directory. Try building your app with 'next build' before starting the production server. https://nextjs.org/docs/messages/production-start-no-build-id
2025-11-05T15:24:40:     at ignore-listed frames
2025-11-05T15:24:41:    ▲ Next.js 16.0.1
2025-11-05T15:24:41:    - Local:        http://localhost:2122
2025-11-05T15:24:41:    - Network:      http://10.0.0.8:2122
2025-11-05T15:24:41: 
2025-11-05T15:24:41:  ✓ Starting...
2025-11-05T15:24:42: Error: Could not find a production build in the '.next' directory. Try building your app with 'next build' before starting the production server. https://nextjs.org/docs/messages/production-start-no-build-id
2025-11-05T15:24:42:     at ignore-listed frames
2025-11-05T15:24:43:    ▲ Next.js 16.0.1
2025-11-05T15:24:43:    - Local:        http://localhost:2122
2025-11-05T15:24:43:    - Network:      http://10.0.0.8:2122
2025-11-05T15:24:43: 
2025-11-05T15:24:43:  ✓ Starting...
2025-11-05T15:24:43: Error: Could not find a production build in the '.next' directory. Try building your app with 'next build' before starting the production server. https://nextjs.org/docs/messages/production-start-no-build-id
2025-11-05T15:24:43:     at ignore-listed frames
2025-11-05T15:24:45:    ▲ Next.js 16.0.1
2025-11-05T15:24:45:    - Local:        http://localhost:2122
2025-11-05T15:24:45:    - Network:      http://10.0.0.8:2122
2025-11-05T15:24:45: 
2025-11-05T15:24:45:  ✓ Starting...
2025-11-05T15:24:45: Error: Could not find a production build in the '.next' directory. Try building your app with 'next build' before starting the production server. https://nextjs.org/docs/messages/production-start-no-build-id
2025-11-05T15:24:45:     at ignore-listed frames
2025-11-05T15:24:46:    ▲ Next.js 16.0.1
2025-11-05T15:24:46:    - Local:        http://localhost:2122
2025-11-05T15:24:46:    - Network:      http://10.0.0.8:2122
2025-11-05T15:24:46: 
2025-11-05T15:24:46:  ✓ Starting...
2025-11-05T15:24:46: Error: Could not find a production build in the '.next' directory. Try building your app with 'next build' before starting the production server. https://nextjs.org/docs/messages/production-start-no-build-id
2025-11-05T15:24:46:     at ignore-listed frames
2025-11-05T15:24:47:    ▲ Next.js 16.0.1
2025-11-05T15:24:47:    - Local:        http://localhost:2122
2025-11-05T15:24:47:    - Network:      http://10.0.0.8:2122
2025-11-05T15:24:47: 
2025-11-05T15:24:47:  ✓ Starting...
2025-11-05T15:24:47: Error: Could not find a production build in the '.next' directory. Try building your app with 'next build' before starting the production server. https://nextjs.org/docs/messages/production-start-no-build-id
2025-11-05T15:24:47:     at ignore-listed frames
2025-11-05T15:24:48:    ▲ Next.js 16.0.1
2025-11-05T15:24:48:    - Local:        http://localhost:2122
2025-11-05T15:24:48:    - Network:      http://10.0.0.8:2122
2025-11-05T15:24:48: 
2025-11-05T15:24:48:  ✓ Starting...
2025-11-05T15:24:48: Error: Could not find a production build in the '.next' directory. Try building your app with 'next build' before starting the production server. https://nextjs.org/docs/messages/production-start-no-build-id
2025-11-05T15:24:48:     at ignore-listed frames
2025-11-05T15:24:50:    ▲ Next.js 16.0.1
2025-11-05T15:24:50:    - Local:        http://localhost:2122
2025-11-05T15:24:50:    - Network:      http://10.0.0.8:2122
2025-11-05T15:24:50: 
2025-11-05T15:24:50:  ✓ Starting...
2025-11-05T15:24:50: Error: Could not find a production build in the '.next' directory. Try building your app with 'next build' before starting the production server. https://nextjs.org/docs/messages/production-start-no-build-id
2025-11-05T15:24:50:     at ignore-listed frames
2025-11-05T15:24:51:    ▲ Next.js 16.0.1
2025-11-05T15:24:51:    - Local:        http://localhost:2122
2025-11-05T15:24:51:    - Network:      http://10.0.0.8:2122
2025-11-05T15:24:51: 
2025-11-05T15:24:51:  ✓ Starting...
2025-11-05T15:24:51: Error: Could not find a production build in the '.next' directory. Try building your app with 'next build' before starting the production server. https://nextjs.org/docs/messages/production-start-no-build-id
2025-11-05T15:24:51:     at ignore-listed frames
2025-11-05T15:24:52:    ▲ Next.js 16.0.1
2025-11-05T15:24:52:    - Local:        http://localhost:2122
2025-11-05T15:24:52:    - Network:      http://10.0.0.8:2122
2025-11-05T15:24:52: 
2025-11-05T15:24:52:  ✓ Starting...
2025-11-05T15:24:52: Error: Could not find a production build in the '.next' directory. Try building your app with 'next build' before starting the production server. https://nextjs.org/docs/messages/production-start-no-build-id
2025-11-05T15:24:52:     at ignore-listed frames
2025-11-05T15:24:54:    ▲ Next.js 16.0.1
2025-11-05T15:24:54:    - Local:        http://localhost:2122
2025-11-05T15:24:54:    - Network:      http://10.0.0.8:2122
2025-11-05T15:24:54: 
2025-11-05T15:24:54:  ✓ Starting...
2025-11-05T15:24:54: Error: Could not find a production build in the '.next' directory. Try building your app with 'next build' before starting the production server. https://nextjs.org/docs/messages/production-start-no-build-id
2025-11-05T15:24:54:     at ignore-listed frames
2025-11-05T15:24:56:    ▲ Next.js 16.0.1
2025-11-05T15:24:56:    - Local:        http://localhost:2122
2025-11-05T15:24:56:    - Network:      http://10.0.0.8:2122
2025-11-05T15:24:56: 
2025-11-05T15:24:56:  ✓ Starting...
2025-11-05T15:24:56: Error: Could not find a production build in the '.next' directory. Try building your app with 'next build' before starting the production server. https://nextjs.org/docs/messages/production-start-no-build-id
2025-11-05T15:24:56:     at ignore-listed frames
